*** Starting uWSGI 2.0.17.1 (64bit) on [Tue Jan 15 11:24:11 2019] ***
compiled with version: 5.4.0 20160609 on 12 January 2019 15:33:16
os: Linux-4.4.0-116-generic #140-Ubuntu SMP Mon Feb 12 21:23:04 UTC 2018
nodename: tedu
machine: x86_64
clock source: unix
pcre jit disabled
detected number of CPU cores: 2
current working directory: /home/tarena/PycharmProjects/smart
writing pidfile to uwsgi.pid
detected binary path: /home/tarena/my_env/h1/bin/uwsgi
chdir() to /home/tarena/PycharmProjects/smart
your processes number limit is 11802
your memory page size is 4096 bytes
detected max file descriptor number: 1024
lock engine: pthread robust mutexes
thunder lock: disabled (you can enable it with --thunder-lock)
uwsgi socket 0 bound to TCP address 192.168.32.181:8008 fd 3
Python version: 3.5.2 (default, Nov 12 2018, 13:43:14)  [GCC 5.4.0 20160609]
Python main interpreter initialized at 0xa8bf70
python threads support enabled
your server socket listen backlog is limited to 100 connections
your mercy for graceful operations on workers is 60 seconds
mapped 416880 bytes (407 KB) for 8 cores
*** Operational MODE: preforking+threaded ***
WSGI app 0 (mountpoint='') ready in 0 seconds on interpreter 0xa8bf70 pid: 33977 (default app)
*** uWSGI is running in multiple interpreter mode ***
spawned uWSGI master process (pid: 33977)
spawned uWSGI worker 1 (pid: 33979, cores: 2)
spawned uWSGI worker 2 (pid: 33980, cores: 2)
spawned uWSGI worker 3 (pid: 33981, cores: 2)
spawned uWSGI worker 4 (pid: 33983, cores: 2)
invalid request block size: 21573 (max 4096)...skip
invalid request block size: 21573 (max 4096)...skip
invalid request block size: 21573 (max 4096)...skip
invalid request block size: 21573 (max 4096)...skip
invalid request block size: 21573 (max 4096)...skip
invalid request block size: 21573 (max 4096)...skip
invalid request block size: 21573 (max 4096)...skip
invalid request block size: 21573 (max 4096)...skip
invalid request block size: 21573 (max 4096)...skip
invalid request block size: 21573 (max 4096)...skip
*** Starting uWSGI 2.0.17.1 (64bit) on [Tue Jan 15 11:26:26 2019] ***
compiled with version: 5.4.0 20160609 on 12 January 2019 15:33:16
os: Linux-4.4.0-116-generic #140-Ubuntu SMP Mon Feb 12 21:23:04 UTC 2018
nodename: tedu
machine: x86_64
clock source: unix
pcre jit disabled
detected number of CPU cores: 2
current working directory: /home/tarena/PycharmProjects/smart
writing pidfile to uwsgi.pid
detected binary path: /home/tarena/my_env/h1/bin/uwsgi
chdir() to /home/tarena/PycharmProjects/smart
your processes number limit is 11802
your memory page size is 4096 bytes
detected max file descriptor number: 1024
lock engine: pthread robust mutexes
thunder lock: disabled (you can enable it with --thunder-lock)
probably another instance of uWSGI is running on the same address (192.168.32.181:8008/smart/index).
bind(): Address already in use [core/socket.c line 769]
invalid request block size: 21573 (max 4096)...skip
invalid request block size: 21573 (max 4096)...skip
invalid request block size: 21573 (max 4096)...skip
invalid request block size: 21573 (max 4096)...skip
invalid request block size: 21573 (max 4096)...skip
invalid request block size: 21573 (max 4096)...skip
invalid request block size: 21573 (max 4096)...skip
invalid request block size: 21573 (max 4096)...skip
invalid request block size: 21573 (max 4096)...skip
invalid request block size: 21573 (max 4096)...skip
invalid request block size: 21573 (max 4096)...skip
invalid request block size: 21573 (max 4096)...skip
invalid request block size: 21573 (max 4096)...skip
invalid request block size: 21573 (max 4096)...skip
invalid request block size: 21573 (max 4096)...skip
invalid request block size: 21573 (max 4096)...skip
invalid request block size: 21573 (max 4096)...skip
invalid request block size: 21573 (max 4096)...skip
invalid request block size: 21573 (max 4096)...skip
invalid request block size: 21573 (max 4096)...skip
*** Starting uWSGI 2.0.17.1 (64bit) on [Tue Jan 15 11:29:51 2019] ***
compiled with version: 5.4.0 20160609 on 12 January 2019 15:33:16
os: Linux-4.4.0-116-generic #140-Ubuntu SMP Mon Feb 12 21:23:04 UTC 2018
nodename: tedu
machine: x86_64
clock source: unix
pcre jit disabled
detected number of CPU cores: 2
current working directory: /home/tarena/PycharmProjects/smart
writing pidfile to uwsgi.pid
detected binary path: /home/tarena/my_env/h1/bin/uwsgi
chdir() to /home/tarena/PycharmProjects/smart
your processes number limit is 11802
your memory page size is 4096 bytes
detected max file descriptor number: 1024
lock engine: pthread robust mutexes
thunder lock: disabled (you can enable it with --thunder-lock)
probably another instance of uWSGI is running on the same address (192.168.32.181:8008).
bind(): Address already in use [core/socket.c line 769]
invalid request block size: 21573 (max 4096)...skip
invalid request block size: 21573 (max 4096)...skip
invalid request block size: 21573 (max 4096)...skip
invalid request block size: 21573 (max 4096)...skip
invalid request block size: 21573 (max 4096)...skip
invalid request block size: 21573 (max 4096)...skip
invalid request block size: 21573 (max 4096)...skip
invalid request block size: 21573 (max 4096)...skip
invalid request block size: 21573 (max 4096)...skip
invalid request block size: 21573 (max 4096)...skip
invalid request block size: 21573 (max 4096)...skip
invalid request block size: 21573 (max 4096)...skip
invalid request block size: 21573 (max 4096)...skip
invalid request block size: 21573 (max 4096)...skip
invalid request block size: 21573 (max 4096)...skip
invalid request block size: 21573 (max 4096)...skip
invalid request block size: 21573 (max 4096)...skip
invalid request block size: 21573 (max 4096)...skip
invalid request block size: 21573 (max 4096)...skip
invalid request block size: 21573 (max 4096)...skip
invalid request block size: 21573 (max 4096)...skip
invalid request block size: 21573 (max 4096)...skip
invalid request block size: 21573 (max 4096)...skip
invalid request block size: 21573 (max 4096)...skip
invalid request block size: 21573 (max 4096)...skip
invalid request block size: 21573 (max 4096)...skip
invalid request block size: 21573 (max 4096)...skip
invalid request block size: 21573 (max 4096)...skip
invalid request block size: 21573 (max 4096)...skip
invalid request block size: 21573 (max 4096)...skip
invalid request block size: 21573 (max 4096)...skip
invalid request block size: 21573 (max 4096)...skip
invalid request block size: 21573 (max 4096)...skip
invalid request block size: 21573 (max 4096)...skip
invalid request block size: 21573 (max 4096)...skip
invalid request block size: 21573 (max 4096)...skip
invalid request block size: 21573 (max 4096)...skip
invalid request block size: 21573 (max 4096)...skip
invalid request block size: 21573 (max 4096)...skip
invalid request block size: 21573 (max 4096)...skip
invalid request block size: 21573 (max 4096)...skip
invalid request block size: 21573 (max 4096)...skip
invalid request block size: 21573 (max 4096)...skip
invalid request block size: 21573 (max 4096)...skip
invalid request block size: 21573 (max 4096)...skip
invalid request block size: 21573 (max 4096)...skip
invalid request block size: 21573 (max 4096)...skip
invalid request block size: 21573 (max 4096)...skip
invalid request block size: 21573 (max 4096)...skip
invalid request block size: 21573 (max 4096)...skip
invalid request block size: 21573 (max 4096)...skip
invalid request block size: 21573 (max 4096)...skip
invalid request block size: 21573 (max 4096)...skip
invalid request block size: 21573 (max 4096)...skip
invalid request block size: 21573 (max 4096)...skip
invalid request block size: 21573 (max 4096)...skip
invalid request block size: 21573 (max 4096)...skip
invalid request block size: 21573 (max 4096)...skip
invalid request block size: 21573 (max 4096)...skip
invalid request block size: 21573 (max 4096)...skip
invalid request block size: 21573 (max 4096)...skip
invalid request block size: 21573 (max 4096)...skip
invalid request block size: 21573 (max 4096)...skip
invalid request block size: 21573 (max 4096)...skip
invalid request block size: 21573 (max 4096)...skip
invalid request block size: 21573 (max 4096)...skip
invalid request block size: 21573 (max 4096)...skip
invalid request block size: 21573 (max 4096)...skip
invalid request block size: 21573 (max 4096)...skip
invalid request block size: 21573 (max 4096)...skip
invalid request block size: 21573 (max 4096)...skip
invalid request block size: 21573 (max 4096)...skip
invalid request block size: 21573 (max 4096)...skip
invalid request block size: 21573 (max 4096)...skip
invalid request block size: 21573 (max 4096)...skip
invalid request block size: 21573 (max 4096)...skip
invalid request block size: 21573 (max 4096)...skip
invalid request block size: 21573 (max 4096)...skip
invalid request block size: 21573 (max 4096)...skip
invalid request block size: 21573 (max 4096)...skip
invalid request block size: 21573 (max 4096)...skip
invalid request block size: 21573 (max 4096)...skip
invalid request block size: 21573 (max 4096)...skip
invalid request block size: 21573 (max 4096)...skip
invalid request block size: 21573 (max 4096)...skip
invalid request block size: 21573 (max 4096)...skip
invalid request block size: 21573 (max 4096)...skip
invalid request block size: 21573 (max 4096)...skip
invalid request block size: 21573 (max 4096)...skip
invalid request block size: 21573 (max 4096)...skip
invalid request block size: 21573 (max 4096)...skip
invalid request block size: 21573 (max 4096)...skip
invalid request block size: 21573 (max 4096)...skip
invalid request block size: 21573 (max 4096)...skip
invalid request block size: 21573 (max 4096)...skip
invalid request block size: 21573 (max 4096)...skip
invalid request block size: 21573 (max 4096)...skip
invalid request block size: 21573 (max 4096)...skip
invalid request block size: 21573 (max 4096)...skip
invalid request block size: 21573 (max 4096)...skip
invalid request block size: 21573 (max 4096)...skip
invalid request block size: 21573 (max 4096)...skip
invalid request block size: 21573 (max 4096)...skip
invalid request block size: 21573 (max 4096)...skip
invalid request block size: 21573 (max 4096)...skip
invalid request block size: 21573 (max 4096)...skip
invalid request block size: 21573 (max 4096)...skip
invalid request block size: 21573 (max 4096)...skip
invalid request block size: 21573 (max 4096)...skip
invalid request block size: 21573 (max 4096)...skip
invalid request block size: 21573 (max 4096)...skip
invalid request block size: 21573 (max 4096)...skip
invalid request block size: 21573 (max 4096)...skip
invalid request block size: 21573 (max 4096)...skip
invalid request block size: 21573 (max 4096)...skip
invalid request block size: 21573 (max 4096)...skip
invalid request block size: 21573 (max 4096)...skip
invalid request block size: 21573 (max 4096)...skip
invalid request block size: 21573 (max 4096)...skip
invalid request block size: 21573 (max 4096)...skip
invalid request block size: 21573 (max 4096)...skip
invalid request block size: 21573 (max 4096)...skip
invalid request block size: 21573 (max 4096)...skip
invalid request block size: 21573 (max 4096)...skip
invalid request block size: 21573 (max 4096)...skip
invalid request block size: 21573 (max 4096)...skip
invalid request block size: 21573 (max 4096)...skip
invalid request block size: 21573 (max 4096)...skip
invalid request block size: 21573 (max 4096)...skip
invalid request block size: 21573 (max 4096)...skip
invalid request block size: 21573 (max 4096)...skip
invalid request block size: 21573 (max 4096)...skip
invalid request block size: 21573 (max 4096)...skip
invalid request block size: 21573 (max 4096)...skip
invalid request block size: 21573 (max 4096)...skip
invalid request block size: 21573 (max 4096)...skip
invalid request block size: 21573 (max 4096)...skip
invalid request block size: 21573 (max 4096)...skip
invalid request block size: 21573 (max 4096)...skip
invalid request block size: 21573 (max 4096)...skip
[pid: 33983|app: 0|req: 1/1] 192.168.32.181 () {40 vars in 669 bytes} [Tue Jan 15 11:56:24 2019] GET / => generated 74 bytes in 783 msecs (HTTP/1.1 404) 2 headers in 80 bytes (1 switches on core 1)
[pid: 33981|app: 0|req: 1/2] 192.168.32.181 () {38 vars in 656 bytes} [Tue Jan 15 11:56:25 2019] GET /favicon.ico => generated 85 bytes in 212 msecs (HTTP/1.1 404) 2 headers in 80 bytes (1 switches on core 1)
[pid: 33979|app: 0|req: 1/3] 127.0.0.1 () {42 vars in 748 bytes} [Tue Jan 15 11:56:45 2019] GET / => generated 74 bytes in 249 msecs (HTTP/1.1 404) 2 headers in 80 bytes (1 switches on core 0)
[pid: 33979|app: 0|req: 2/4] 127.0.0.1 () {40 vars in 735 bytes} [Tue Jan 15 11:56:45 2019] GET /favicon.ico => generated 85 bytes in 3 msecs (HTTP/1.1 404) 2 headers in 80 bytes (1 switches on core 1)
[pid: 33981|app: 0|req: 2/5] 127.0.0.1 () {42 vars in 770 bytes} [Tue Jan 15 11:57:14 2019] GET /smart/index => generated 0 bytes in 7 msecs (HTTP/1.1 301) 3 headers in 149 bytes (1 switches on core 0)
[pid: 33980|app: 0|req: 1/6] 127.0.0.1 () {42 vars in 772 bytes} [Tue Jan 15 11:57:14 2019] GET /smart/index/ => generated 1553 bytes in 242 msecs (HTTP/1.1 200) 2 headers in 88 bytes (1 switches on core 0)
[pid: 33979|app: 0|req: 3/7] 127.0.0.1 () {44 vars in 824 bytes} [Tue Jan 15 11:58:01 2019] GET /smart/camera/ => generated 1701 bytes in 54 msecs (HTTP/1.1 200) 4 headers in 224 bytes (1 switches on core 0)
[pid: 33979|app: 0|req: 4/8] 127.0.0.1 () {44 vars in 791 bytes} [Tue Jan 15 11:58:12 2019] GET /smart/index/ => generated 1553 bytes in 2 msecs (HTTP/1.1 200) 2 headers in 88 bytes (1 switches on core 1)
*** Starting uWSGI 2.0.17.1 (64bit) on [Tue Jan 15 12:03:56 2019] ***
compiled with version: 5.4.0 20160609 on 12 January 2019 15:33:16
os: Linux-4.4.0-116-generic #140-Ubuntu SMP Mon Feb 12 21:23:04 UTC 2018
nodename: tedu
machine: x86_64
clock source: unix
pcre jit disabled
detected number of CPU cores: 2
current working directory: /home/tarena/PycharmProjects/smart
writing pidfile to uwsgi.pid
detected binary path: /home/tarena/my_env/h1/bin/uwsgi
chdir() to /home/tarena/PycharmProjects/smart
your processes number limit is 11802
your memory page size is 4096 bytes
detected max file descriptor number: 1024
lock engine: pthread robust mutexes
thunder lock: disabled (you can enable it with --thunder-lock)
probably another instance of uWSGI is running on the same address (192.168.32.181:8008).
bind(): Address already in use [core/socket.c line 769]
[pid: 33981|app: 0|req: 3/9] 127.0.0.1 () {42 vars in 740 bytes} [Tue Jan 15 12:04:22 2019] GET /smart/index/ => generated 1553 bytes in 9 msecs (HTTP/1.1 200) 2 headers in 88 bytes (1 switches on core 1)
*** Starting uWSGI 2.0.17.1 (64bit) on [Tue Jan 15 12:16:54 2019] ***
compiled with version: 5.4.0 20160609 on 12 January 2019 15:33:16
os: Linux-4.4.0-116-generic #140-Ubuntu SMP Mon Feb 12 21:23:04 UTC 2018
nodename: tedu
machine: x86_64
clock source: unix
pcre jit disabled
detected number of CPU cores: 2
current working directory: /home/tarena/PycharmProjects/smart
writing pidfile to uwsgi.pid
detected binary path: /home/tarena/my_env/h1/bin/uwsgi
chdir() to /home/tarena/PycharmProjects/smart
your processes number limit is 11802
your memory page size is 4096 bytes
detected max file descriptor number: 1024
lock engine: pthread robust mutexes
thunder lock: disabled (you can enable it with --thunder-lock)
uwsgi socket 0 bound to TCP address 192.168.32.181:8008 fd 3
Python version: 3.5.2 (default, Nov 12 2018, 13:43:14)  [GCC 5.4.0 20160609]
Python main interpreter initialized at 0x1c4ff70
python threads support enabled
your server socket listen backlog is limited to 100 connections
your mercy for graceful operations on workers is 60 seconds
mapped 416880 bytes (407 KB) for 8 cores
*** Operational MODE: preforking+threaded ***
WSGI app 0 (mountpoint='') ready in 2 seconds on interpreter 0x1c4ff70 pid: 2904 (default app)
*** uWSGI is running in multiple interpreter mode ***
spawned uWSGI master process (pid: 2904)
spawned uWSGI worker 1 (pid: 2906, cores: 2)
spawned uWSGI worker 2 (pid: 2907, cores: 2)
spawned uWSGI worker 3 (pid: 2909, cores: 2)
spawned uWSGI worker 4 (pid: 2910, cores: 2)
[pid: 2906|app: 0|req: 1/1] 192.168.32.171 () {40 vars in 679 bytes} [Tue Jan 15 12:17:54 2019] GET / => generated 74 bytes in 777 msecs (HTTP/1.1 404) 2 headers in 80 bytes (1 switches on core 0)
[pid: 2910|app: 0|req: 1/2] 192.168.32.171 () {40 vars in 663 bytes} [Tue Jan 15 12:17:55 2019] GET /favicon.ico => generated 85 bytes in 131 msecs (HTTP/1.1 404) 2 headers in 80 bytes (1 switches on core 0)
[pid: 2907|app: 0|req: 1/3] 127.0.0.1 () {40 vars in 703 bytes} [Tue Jan 15 12:19:14 2019] GET /favicon.ico => generated 85 bytes in 428 msecs (HTTP/1.1 404) 2 headers in 80 bytes (1 switches on core 0)
